2025-08-03 12:35:18,763 INFO: Loading /home/data/ST012cana0/users/i77655/MUSTANG/branches/VTOOLS/LOG_TRIAGE/logtriage/../pattern/regex_patterns.json for regex pattern search...
2025-08-03 12:35:18,763 INFO: Loading /home/data/ST012cana0/users/i77655/MUSTANG/branches/VTOOLS/LOG_TRIAGE/logtriage/../pattern/ignore_patterns.json for ignore pattern...
2025-08-03 12:35:21,426 INFO: Loading log file folder path: /home/data/mpu32_simulation/MUSTANG_ST012_A0/simulation_logs/MUSTANG_ST012_A0_HPP_ISS_RTL7_ECO0/RTL_rtl7_eco0_Regression_07_11_2025/max ...
2025-08-03 12:35:21,427 INFO: Processing file 1/10: /home/data/mpu32_simulation/MUSTANG_ST012_A0/simulation_logs/MUSTANG_ST012_A0_HPP_ISS_RTL7_ECO0/RTL_rtl7_eco0_Regression_07_11_2025/max/vdec_test-TEST_3552-CPU800_MSS200_DDR533_ISS266-ID2836569-20250711T161421Z/simulate.log.gz
2025-08-03 12:35:21,427 INFO: Start parsing: /home/data/mpu32_simulation/MUSTANG_ST012_A0/simulation_logs/MUSTANG_ST012_A0_HPP_ISS_RTL7_ECO0/RTL_rtl7_eco0_Regression_07_11_2025/max/vdec_test-TEST_3552-CPU800_MSS200_DDR533_ISS266-ID2836569-20250711T161421Z/simulate.log.gz
2025-08-03 12:35:21,514 INFO: Processing file 2/10: /home/data/mpu32_simulation/MUSTANG_ST012_A0/simulation_logs/MUSTANG_ST012_A0_HPP_ISS_RTL7_ECO0/RTL_rtl7_eco0_Regression_07_11_2025/max/vdec_test-TEST_8581_LONG-CPU800_MSS200_DDR533_ISS266-ID2836613-20250711T161733Z/simulate.log.gz
2025-08-03 12:35:21,544 INFO: Start parsing: /home/data/mpu32_simulation/MUSTANG_ST012_A0/simulation_logs/MUSTANG_ST012_A0_HPP_ISS_RTL7_ECO0/RTL_rtl7_eco0_Regression_07_11_2025/max/vdec_test-TEST_8581_LONG-CPU800_MSS200_DDR533_ISS266-ID2836613-20250711T161733Z/simulate.log.gz
2025-08-03 12:35:21,644 INFO: Processing file 3/10: /home/data/mpu32_simulation/MUSTANG_ST012_A0/simulation_logs/MUSTANG_ST012_A0_HPP_ISS_RTL7_ECO0/RTL_rtl7_eco0_Regression_07_11_2025/max/venc_test-TEST_1180_LONG-CPU800_MSS200_DDR533_ISS266-ID2836624-20250711T161810Z/simulate.log.gz
2025-08-03 12:35:21,674 INFO: Start parsing: /home/data/mpu32_simulation/MUSTANG_ST012_A0/simulation_logs/MUSTANG_ST012_A0_HPP_ISS_RTL7_ECO0/RTL_rtl7_eco0_Regression_07_11_2025/max/venc_test-TEST_1180_LONG-CPU800_MSS200_DDR533_ISS266-ID2836624-20250711T161810Z/simulate.log.gz
2025-08-03 12:35:21,796 INFO: Processing file 4/10: /home/data/mpu32_simulation/MUSTANG_ST012_A0/simulation_logs/MUSTANG_ST012_A0_HPP_ISS_RTL7_ECO0/RTL_rtl7_eco0_Regression_07_11_2025/max/venc_test-TEST_1534_LONG-CPU800_MSS200_DDR533_ISS266-ID2836632-20250711T161839Z/simulate.log.gz
2025-08-03 12:35:21,825 INFO: Start parsing: /home/data/mpu32_simulation/MUSTANG_ST012_A0/simulation_logs/MUSTANG_ST012_A0_HPP_ISS_RTL7_ECO0/RTL_rtl7_eco0_Regression_07_11_2025/max/venc_test-TEST_1534_LONG-CPU800_MSS200_DDR533_ISS266-ID2836632-20250711T161839Z/simulate.log.gz
2025-08-03 12:35:21,956 INFO: Processing file 5/10: /home/data/mpu32_simulation/MUSTANG_ST012_A0/simulation_logs/MUSTANG_ST012_A0_HPP_ISS_RTL7_ECO0/RTL_rtl7_eco0_Regression_07_11_2025/max/venc_test-TEST_1744_LONG-CPU800_MSS200_DDR533_ISS266-ID2836635-20250711T161849Z/simulate.log.gz
2025-08-03 12:35:21,957 INFO: Start parsing: /home/data/mpu32_simulation/MUSTANG_ST012_A0/simulation_logs/MUSTANG_ST012_A0_HPP_ISS_RTL7_ECO0/RTL_rtl7_eco0_Regression_07_11_2025/max/venc_test-TEST_1744_LONG-CPU800_MSS200_DDR533_ISS266-ID2836635-20250711T161849Z/simulate.log.gz
2025-08-03 12:35:22,110 INFO: Processing file 6/10: /home/data/mpu32_simulation/MUSTANG_ST012_A0/simulation_logs/MUSTANG_ST012_A0_HPP_ISS_RTL7_ECO0/RTL_rtl7_eco0_Regression_07_11_2025/max/venc_test-TEST_1745_LONG-CPU800_MSS200_DDR533_ISS266-ID2836636-20250711T161855Z/simulate.log.gz
2025-08-03 12:35:22,139 INFO: Start parsing: /home/data/mpu32_simulation/MUSTANG_ST012_A0/simulation_logs/MUSTANG_ST012_A0_HPP_ISS_RTL7_ECO0/RTL_rtl7_eco0_Regression_07_11_2025/max/venc_test-TEST_1745_LONG-CPU800_MSS200_DDR533_ISS266-ID2836636-20250711T161855Z/simulate.log.gz
2025-08-03 12:35:22,263 INFO: Processing file 7/10: /home/data/mpu32_simulation/MUSTANG_ST012_A0/simulation_logs/MUSTANG_ST012_A0_HPP_ISS_RTL7_ECO0/RTL_rtl7_eco0_Regression_07_11_2025/max/venc_test-TEST_1978_LONG-CPU800_MSS200_DDR533_ISS266-ID2836641-20250711T161911Z/simulate.log.gz
2025-08-03 12:35:22,294 INFO: Start parsing: /home/data/mpu32_simulation/MUSTANG_ST012_A0/simulation_logs/MUSTANG_ST012_A0_HPP_ISS_RTL7_ECO0/RTL_rtl7_eco0_Regression_07_11_2025/max/venc_test-TEST_1978_LONG-CPU800_MSS200_DDR533_ISS266-ID2836641-20250711T161911Z/simulate.log.gz
2025-08-03 12:35:22,414 INFO: Processing file 8/10: /home/data/mpu32_simulation/MUSTANG_ST012_A0/simulation_logs/MUSTANG_ST012_A0_HPP_ISS_RTL7_ECO0/RTL_rtl7_eco0_Regression_07_11_2025/max/venc_test-TEST_4359_LONG-CPU800_MSS200_DDR533_ISS266-ID2836655-20250711T162006Z/simulate.log.gz
2025-08-03 12:35:22,444 INFO: Start parsing: /home/data/mpu32_simulation/MUSTANG_ST012_A0/simulation_logs/MUSTANG_ST012_A0_HPP_ISS_RTL7_ECO0/RTL_rtl7_eco0_Regression_07_11_2025/max/venc_test-TEST_4359_LONG-CPU800_MSS200_DDR533_ISS266-ID2836655-20250711T162006Z/simulate.log.gz
2025-08-03 12:35:22,564 INFO: Processing file 9/10: /home/data/mpu32_simulation/MUSTANG_ST012_A0/simulation_logs/MUSTANG_ST012_A0_HPP_ISS_RTL7_ECO0/RTL_rtl7_eco0_Regression_07_11_2025/max/msadcc-UPF_ALLON_MIPIOFF-CPU600_MSS200_DDR800_ISS266-ID2843081-20250724T104829Z/compile.log
2025-08-03 12:35:22,564 INFO: Start parsing: /home/data/mpu32_simulation/MUSTANG_ST012_A0/simulation_logs/MUSTANG_ST012_A0_HPP_ISS_RTL7_ECO0/RTL_rtl7_eco0_Regression_07_11_2025/max/msadcc-UPF_ALLON_MIPIOFF-CPU600_MSS200_DDR800_ISS266-ID2843081-20250724T104829Z/compile.log
2025-08-03 12:35:22,892 INFO: Processing file 10/10: /home/data/mpu32_simulation/MUSTANG_ST012_A0/simulation_logs/MUSTANG_ST012_A0_HPP_ISS_RTL7_ECO0/RTL_rtl7_eco0_Regression_07_11_2025/max/venc_test-default-CPU800_MSS200_DDR533_ISS266-ID2838307-20250717T042216Z/simulate.log.gz
2025-08-03 12:35:22,893 INFO: Start parsing: /home/data/mpu32_simulation/MUSTANG_ST012_A0/simulation_logs/MUSTANG_ST012_A0_HPP_ISS_RTL7_ECO0/RTL_rtl7_eco0_Regression_07_11_2025/max/venc_test-default-CPU800_MSS200_DDR533_ISS266-ID2838307-20250717T042216Z/simulate.log.gz
2025-08-03 12:35:23,088 INFO: Loaded 10/10 files.
2025-08-03 12:35:23,088 INFO: Loaded log file folder path: /home/data/mpu32_simulation/MUSTANG_ST012_A0/simulation_logs/MUSTANG_ST012_A0_HPP_ISS_RTL7_ECO0/RTL_rtl7_eco0_Regression_07_11_2025/max
2025-08-03 12:35:23,133 INFO: Showing 199 rows | Memory: 118.5 MB | ERROR: 91 (9 unique), FATAL: 1 (1 unique), WARNING: 135 (40 unique)
2025-08-03 12:35:23,178 INFO: All files loaded.
2025-08-03 12:35:26,338 INFO: Showing 165 rows | Memory: 119.1 MB | ERROR: 89 (7 unique), FATAL: 0 (0 unique), WARNING: 104 (12 unique)
